{"C:\\Users\\Manuel Rocha\\Documents\\Coding\\nodejs_studies\\essentialTraining\\dictionary\\src\\app.js": {"path":"C:\\Users\\Manuel Rocha\\Documents\\Coding\\nodejs_studies\\essentialTraining\\dictionary\\src\\app.js","statementMap":{"0":{"start":{"line":1,"column":16},"end":{"line":1,"column":34}},"1":{"start":{"line":2,"column":19},"end":{"line":2,"column":41}},"2":{"start":{"line":3,"column":19},"end":{"line":3,"column":35}},"3":{"start":{"line":4,"column":25},"end":{"line":4,"column":55}},"4":{"start":{"line":6,"column":12},"end":{"line":6,"column":21}},"5":{"start":{"line":9,"column":0},"end":{"line":9,"column":27}},"6":{"start":{"line":12,"column":0},"end":{"line":12,"column":16}},"7":{"start":{"line":15,"column":0},"end":{"line":15,"column":36}},"8":{"start":{"line":17,"column":0},"end":{"line":17,"column":41}},"9":{"start":{"line":19,"column":0},"end":{"line":19,"column":21}}},"fnMap":{},"branchMap":{},"s":{"0":1,"1":1,"2":1,"3":1,"4":1,"5":1,"6":1,"7":1,"8":1,"9":1},"f":{},"b":{},"_coverageSchema":"1a1c01bbd47fc00a2c39e90264f33305004495a9","hash":"26d20222d7e3fe23708870a5345ca8dd3c474365"}
,"C:\\Users\\Manuel Rocha\\Documents\\Coding\\nodejs_studies\\essentialTraining\\dictionary\\src\\dictionary-routes.js": {"path":"C:\\Users\\Manuel Rocha\\Documents\\Coding\\nodejs_studies\\essentialTraining\\dictionary\\src\\dictionary-routes.js","statementMap":{"0":{"start":{"line":1,"column":19},"end":{"line":1,"column":37}},"1":{"start":{"line":2,"column":17},"end":{"line":2,"column":33}},"2":{"start":{"line":4,"column":15},"end":{"line":4,"column":47}},"3":{"start":{"line":6,"column":15},"end":{"line":6,"column":27}},"4":{"start":{"line":8,"column":0},"end":{"line":10,"column":3}},"5":{"start":{"line":9,"column":2},"end":{"line":9,"column":21}},"6":{"start":{"line":12,"column":0},"end":{"line":19,"column":3}},"7":{"start":{"line":13,"column":2},"end":{"line":13,"column":26}},"8":{"start":{"line":14,"column":2},"end":{"line":14,"column":17}},"9":{"start":{"line":15,"column":2},"end":{"line":18,"column":5}},"10":{"start":{"line":21,"column":0},"end":{"line":29,"column":3}},"11":{"start":{"line":22,"column":2},"end":{"line":22,"column":68}},"12":{"start":{"line":22,"column":38},"end":{"line":22,"column":66}},"13":{"start":{"line":23,"column":2},"end":{"line":23,"column":17}},"14":{"start":{"line":24,"column":2},"end":{"line":28,"column":5}},"15":{"start":{"line":31,"column":0},"end":{"line":31,"column":24}}},"fnMap":{"0":{"name":"(anonymous_0)","decl":{"start":{"line":8,"column":16},"end":{"line":8,"column":17}},"loc":{"start":{"line":8,"column":30},"end":{"line":10,"column":1}},"line":8},"1":{"name":"(anonymous_1)","decl":{"start":{"line":12,"column":17},"end":{"line":12,"column":18}},"loc":{"start":{"line":12,"column":31},"end":{"line":19,"column":1}},"line":12},"2":{"name":"(anonymous_2)","decl":{"start":{"line":21,"column":24},"end":{"line":21,"column":25}},"loc":{"start":{"line":21,"column":38},"end":{"line":29,"column":1}},"line":21},"3":{"name":"(anonymous_3)","decl":{"start":{"line":22,"column":29},"end":{"line":22,"column":30}},"loc":{"start":{"line":22,"column":38},"end":{"line":22,"column":66}},"line":22}},"branchMap":{},"s":{"0":2,"1":2,"2":2,"3":2,"4":2,"5":1,"6":2,"7":0,"8":0,"9":0,"10":2,"11":1,"12":3,"13":1,"14":1,"15":2},"f":{"0":1,"1":0,"2":1,"3":3},"b":{},"_coverageSchema":"1a1c01bbd47fc00a2c39e90264f33305004495a9","hash":"f6c3be8457dfa73fea67fda81cef7865d8a1e38c"}
,"C:\\Users\\Manuel Rocha\\Documents\\Coding\\nodejs_studies\\essentialTraining\\dictionary\\src\\index.js": {"path":"C:\\Users\\Manuel Rocha\\Documents\\Coding\\nodejs_studies\\essentialTraining\\dictionary\\src\\index.js","statementMap":{"0":{"start":{"line":1,"column":12},"end":{"line":1,"column":28}},"1":{"start":{"line":3,"column":0},"end":{"line":5,"column":3}},"2":{"start":{"line":4,"column":2},"end":{"line":4,"column":57}}},"fnMap":{"0":{"name":"(anonymous_0)","decl":{"start":{"line":3,"column":17},"end":{"line":3,"column":18}},"loc":{"start":{"line":3,"column":23},"end":{"line":5,"column":1}},"line":3}},"branchMap":{},"s":{"0":1,"1":1,"2":0},"f":{"0":0},"b":{},"_coverageSchema":"1a1c01bbd47fc00a2c39e90264f33305004495a9","hash":"59200a5e5045cbc4bab985b31112b65deaaee557"}
,"C:\\Users\\Manuel Rocha\\Documents\\Coding\\nodejs_studies\\essentialTraining\\dictionary\\src\\lib.js": {"path":"C:\\Users\\Manuel Rocha\\Documents\\Coding\\nodejs_studies\\essentialTraining\\dictionary\\src\\lib.js","statementMap":{"0":{"start":{"line":1,"column":11},"end":{"line":1,"column":24}},"1":{"start":{"line":2,"column":13},"end":{"line":2,"column":28}},"2":{"start":{"line":4,"column":13},"end":{"line":15,"column":1}},"3":{"start":{"line":6,"column":2},"end":{"line":14,"column":4}},"4":{"start":{"line":10,"column":6},"end":{"line":12,"column":7}},"5":{"start":{"line":11,"column":8},"end":{"line":11,"column":20}},"6":{"start":{"line":18,"column":15},"end":{"line":24,"column":1}},"7":{"start":{"line":19,"column":2},"end":{"line":19,"column":54}},"8":{"start":{"line":20,"column":2},"end":{"line":22,"column":3}},"9":{"start":{"line":21,"column":4},"end":{"line":21,"column":26}},"10":{"start":{"line":23,"column":2},"end":{"line":23,"column":9}},"11":{"start":{"line":26,"column":0},"end":{"line":26,"column":34}}},"fnMap":{"0":{"name":"(anonymous_0)","decl":{"start":{"line":4,"column":13},"end":{"line":4,"column":14}},"loc":{"start":{"line":4,"column":27},"end":{"line":15,"column":1}},"line":4},"1":{"name":"(anonymous_1)","decl":{"start":{"line":9,"column":4},"end":{"line":9,"column":5}},"loc":{"start":{"line":9,"column":15},"end":{"line":13,"column":5}},"line":9},"2":{"name":"(anonymous_2)","decl":{"start":{"line":18,"column":15},"end":{"line":18,"column":16}},"loc":{"start":{"line":18,"column":35},"end":{"line":24,"column":1}},"line":18}},"branchMap":{"0":{"loc":{"start":{"line":10,"column":6},"end":{"line":12,"column":7}},"type":"if","locations":[{"start":{"line":10,"column":6},"end":{"line":12,"column":7}},{"start":{"line":10,"column":6},"end":{"line":12,"column":7}}],"line":10},"1":{"loc":{"start":{"line":20,"column":2},"end":{"line":22,"column":3}},"type":"if","locations":[{"start":{"line":20,"column":2},"end":{"line":22,"column":3}},{"start":{"line":20,"column":2},"end":{"line":22,"column":3}}],"line":20}},"s":{"0":1,"1":1,"2":1,"3":0,"4":0,"5":0,"6":1,"7":0,"8":0,"9":0,"10":0,"11":1},"f":{"0":0,"1":0,"2":0},"b":{"0":[0,0],"1":[0,0]},"_coverageSchema":"1a1c01bbd47fc00a2c39e90264f33305004495a9","hash":"45ad8bf62d37fa0b2543969cf6f3d959d885c922"}
}
